[2025-11-01T07:02:54.126Z] 2025-11-01T07-02-42.047Z - Visit failed for makadhillsaklub: page.$x is not a function
[2025-11-01T07:02:54.128Z] Telegram env vars missing — skipping send. BOT=(empty) CHAT=(empty)
[2025-11-01T07:03:03.590Z] 2025-11-01T07-02-54.252Z - Visit failed for datajournalism.tools: page.$x is not a function
[2025-11-01T07:03:03.591Z] Telegram env vars missing — skipping send. BOT=(empty) CHAT=(empty)
[2025-11-01T07:03:12.663Z] 2025-11-01T07-03-03.693Z - Visit failed for littlendaba.design: page.$x is not a function
[2025-11-01T07:03:12.664Z] Telegram env vars missing — skipping send. BOT=(empty) CHAT=(empty)
[2025-11-01T07:03:21.630Z] 2025-11-01T07-03-12.763Z - Visit failed for weissnat.net: page.$x is not a function
[2025-11-01T07:03:21.630Z] Telegram env vars missing — skipping send. BOT=(empty) CHAT=(empty)
[2025-11-01T07:03:31.157Z] 2025-11-01T07-03-22.230Z - Visit failed for phongthuynhaxinh.net: page.$x is not a function
[2025-11-01T07:03:31.157Z] Telegram env vars missing — skipping send. BOT=(empty) CHAT=(empty)
[2025-11-01T07:03:41.003Z] 2025-11-01T07-03-31.252Z - Visit failed for leizelaser.com: page.$x is not a function
[2025-11-01T07:03:41.004Z] Telegram env vars missing — skipping send. BOT=(empty) CHAT=(empty)
[2025-11-01T07:08:47.356Z] 2025-11-01T07-08-41.106Z - No matching domain found for keyword: makadhillsaklub
[2025-11-01T07:08:47.357Z] Telegram env vars missing — skipping send. BOT=(empty) CHAT=(empty)
[2025-11-01T07:08:58.859Z] 2025-11-01T07-08-47.451Z - Visit failed for datajournalism.tools: page.$x is not a function
[2025-11-01T07:08:58.860Z] Telegram env vars missing — skipping send. BOT=(empty) CHAT=(empty)
[2025-11-01T07:09:07.437Z] 2025-11-01T07-08-58.967Z - Visit failed for littlendaba.design: page.$x is not a function
[2025-11-01T07:09:07.437Z] Telegram env vars missing — skipping send. BOT=(empty) CHAT=(empty)
[2025-11-01T07:09:16.220Z] 2025-11-01T07-09-07.534Z - Visit failed for weissnat.net: page.$x is not a function
[2025-11-01T07:09:16.221Z] Telegram env vars missing — skipping send. BOT=(empty) CHAT=(empty)
[2025-11-01T07:09:25.435Z] 2025-11-01T07-09-16.320Z - Visit failed for phongthuynhaxinh.net: page.$x is not a function
[2025-11-01T07:09:25.436Z] Telegram env vars missing — skipping send. BOT=(empty) CHAT=(empty)
[2025-11-01T07:09:35.040Z] 2025-11-01T07-09-25.536Z - Visit failed for leizelaser.com: page.$x is not a function
[2025-11-01T07:09:35.041Z] Telegram env vars missing — skipping send. BOT=(empty) CHAT=(empty)
[2025-11-01T07:13:49.777Z] 2025-11-01T07-13-41.113Z - No matching domain found for keyword: makadhillsaklub
[2025-11-01T07:13:49.778Z] Telegram env vars missing — skipping send. BOT=(empty) CHAT=(empty)
[2025-11-01T07:13:57.973Z] 2025-11-01T07-13-49.870Z - Visit failed for datajournalism.tools: page.$x is not a function
[2025-11-01T07:13:57.973Z] Telegram env vars missing — skipping send. BOT=(empty) CHAT=(empty)
[2025-11-01T07:14:07.237Z] 2025-11-01T07-13-58.071Z - Visit failed for littlendaba.design: page.$x is not a function
[2025-11-01T07:14:07.238Z] Telegram env vars missing — skipping send. BOT=(empty) CHAT=(empty)
[2025-11-01T07:14:18.674Z] 2025-11-01T07-14-07.853Z - Visit failed for weissnat.net: page.$x is not a function
[2025-11-01T07:14:18.674Z] Telegram env vars missing — skipping send. BOT=(empty) CHAT=(empty)
[2025-11-01T07:14:28.064Z] 2025-11-01T07-14-18.777Z - Visit failed for phongthuynhaxinh.net: page.$x is not a function
[2025-11-01T07:14:28.064Z] Telegram env vars missing — skipping send. BOT=(empty) CHAT=(empty)
[2025-11-01T07:14:37.050Z] 2025-11-01T07-14-28.157Z - Visit failed for leizelaser.com: page.$x is not a function
[2025-11-01T07:14:37.051Z] Telegram env vars missing — skipping send. BOT=(empty) CHAT=(empty)
[2025-11-01T07:18:48.999Z] 2025-11-01T07-18-41.121Z - No matching domain found for keyword: makadhillsaklub
[2025-11-01T07:18:48.999Z] Telegram env vars missing — skipping send. BOT=(empty) CHAT=(empty)
[2025-11-01T07:18:56.721Z] 2025-11-01T07-18-49.091Z - Visit failed for datajournalism.tools: page.$x is not a function
[2025-11-01T07:18:56.722Z] Telegram env vars missing — skipping send. BOT=(empty) CHAT=(empty)
[2025-11-01T07:19:07.928Z] 2025-11-01T07-18-56.825Z - Visit failed for littlendaba.design: page.$x is not a function
[2025-11-01T07:19:07.928Z] Telegram env vars missing — skipping send. BOT=(empty) CHAT=(empty)
[2025-11-01T07:19:17.515Z] 2025-11-01T07-19-08.033Z - Visit failed for weissnat.net: page.$x is not a function
[2025-11-01T07:19:17.516Z] Telegram env vars missing — skipping send. BOT=(empty) CHAT=(empty)
[2025-11-01T07:19:27.656Z] 2025-11-01T07-19-17.609Z - Visit failed for phongthuynhaxinh.net: page.$x is not a function
[2025-11-01T07:19:27.656Z] Telegram env vars missing — skipping send. BOT=(empty) CHAT=(empty)
[2025-11-01T07:19:39.488Z] 2025-11-01T07-19-27.750Z - Visit failed for leizelaser.com: page.$x is not a function
[2025-11-01T07:19:39.489Z] Telegram env vars missing — skipping send. BOT=(empty) CHAT=(empty)
[2025-11-01T07:23:46.506Z] 2025-11-01T07-23-41.121Z - No matching domain found for keyword: makadhillsaklub
[2025-11-01T07:23:46.506Z] Telegram env vars missing — skipping send. BOT=(empty) CHAT=(empty)
[2025-11-01T07:23:56.581Z] 2025-11-01T07-23-47.150Z - Visit failed for datajournalism.tools: page.$x is not a function
[2025-11-01T07:23:56.582Z] Telegram env vars missing — skipping send. BOT=(empty) CHAT=(empty)
[2025-11-01T07:24:05.665Z] 2025-11-01T07-23-56.672Z - Visit failed for littlendaba.design: page.$x is not a function
[2025-11-01T07:24:05.666Z] Telegram env vars missing — skipping send. BOT=(empty) CHAT=(empty)
[2025-11-01T07:24:16.296Z] 2025-11-01T07-24-05.782Z - Visit failed for weissnat.net: page.$x is not a function
[2025-11-01T07:24:16.296Z] Telegram env vars missing — skipping send. BOT=(empty) CHAT=(empty)
[2025-11-01T07:24:26.044Z] 2025-11-01T07-24-16.394Z - Visit failed for phongthuynhaxinh.net: page.$x is not a function
[2025-11-01T07:24:26.044Z] Telegram env vars missing — skipping send. BOT=(empty) CHAT=(empty)
[2025-11-01T07:24:34.809Z] 2025-11-01T07-24-26.140Z - Visit failed for leizelaser.com: page.$x is not a function
[2025-11-01T07:24:34.809Z] Telegram env vars missing — skipping send. BOT=(empty) CHAT=(empty)
[2025-11-01T07:28:48.691Z] 2025-11-01T07-28-41.126Z - No matching domain found for keyword: makadhillsaklub
[2025-11-01T07:28:48.691Z] Telegram env vars missing — skipping send. BOT=(empty) CHAT=(empty)
[2025-11-01T07:28:58.307Z] 2025-11-01T07-28-48.784Z - Visit failed for datajournalism.tools: page.$x is not a function
[2025-11-01T07:28:58.308Z] Telegram env vars missing — skipping send. BOT=(empty) CHAT=(empty)
[2025-11-01T07:29:07.688Z] 2025-11-01T07-28-58.409Z - Visit failed for littlendaba.design: page.$x is not a function
[2025-11-01T07:29:07.689Z] Telegram env vars missing — skipping send. BOT=(empty) CHAT=(empty)
[2025-11-01T07:29:17.929Z] 2025-11-01T07-29-07.790Z - Visit failed for weissnat.net: page.$x is not a function
[2025-11-01T07:29:17.930Z] Telegram env vars missing — skipping send. BOT=(empty) CHAT=(empty)
[2025-11-01T07:29:27.471Z] 2025-11-01T07-29-18.035Z - Visit failed for phongthuynhaxinh.net: page.$x is not a function
[2025-11-01T07:29:27.471Z] Telegram env vars missing — skipping send. BOT=(empty) CHAT=(empty)
[2025-11-01T07:29:36.345Z] 2025-11-01T07-29-27.562Z - Visit failed for leizelaser.com: page.$x is not a function
[2025-11-01T07:29:36.346Z] Telegram env vars missing — skipping send. BOT=(empty) CHAT=(empty)
[2025-11-01T07:33:47.989Z] 2025-11-01T07-33-41.135Z - No matching domain found for keyword: makadhillsaklub
[2025-11-01T07:33:47.989Z] Telegram env vars missing — skipping send. BOT=(empty) CHAT=(empty)
[2025-11-01T07:33:57.618Z] 2025-11-01T07-33-48.082Z - Visit failed for datajournalism.tools: page.$x is not a function
[2025-11-01T07:33:57.619Z] Telegram env vars missing — skipping send. BOT=(empty) CHAT=(empty)
[2025-11-01T07:34:05.765Z] 2025-11-01T07-33-57.718Z - Visit failed for littlendaba.design: page.$x is not a function
[2025-11-01T07:34:05.765Z] Telegram env vars missing — skipping send. BOT=(empty) CHAT=(empty)
[2025-11-01T07:34:15.697Z] 2025-11-01T07-34-06.399Z - Visit failed for weissnat.net: page.$x is not a function
[2025-11-01T07:34:15.698Z] Telegram env vars missing — skipping send. BOT=(empty) CHAT=(empty)
[2025-11-01T07:34:27.150Z] 2025-11-01T07-34-15.793Z - Visit failed for phongthuynhaxinh.net: page.$x is not a function
[2025-11-01T07:34:27.151Z] Telegram env vars missing — skipping send. BOT=(empty) CHAT=(empty)
[2025-11-01T07:34:36.087Z] 2025-11-01T07-34-27.248Z - Visit failed for leizelaser.com: page.$x is not a function
[2025-11-01T07:34:36.088Z] Telegram env vars missing — skipping send. BOT=(empty) CHAT=(empty)
[2025-11-01T07:38:47.271Z] 2025-11-01T07-38-41.150Z - No matching domain found for keyword: makadhillsaklub
[2025-11-01T07:38:47.272Z] Telegram env vars missing — skipping send. BOT=(empty) CHAT=(empty)
[2025-11-01T07:38:56.820Z] 2025-11-01T07-38-47.860Z - Visit failed for datajournalism.tools: page.$x is not a function
[2025-11-01T07:38:56.821Z] Telegram env vars missing — skipping send. BOT=(empty) CHAT=(empty)
[2025-11-01T07:39:07.855Z] 2025-11-01T07-38-56.922Z - Visit failed for littlendaba.design: page.$x is not a function
[2025-11-01T07:39:07.855Z] Telegram env vars missing — skipping send. BOT=(empty) CHAT=(empty)
[2025-11-01T07:39:16.784Z] 2025-11-01T07-39-07.951Z - Visit failed for weissnat.net: page.$x is not a function
[2025-11-01T07:39:16.785Z] Telegram env vars missing — skipping send. BOT=(empty) CHAT=(empty)
[2025-11-01T07:39:27.028Z] 2025-11-01T07-39-16.884Z - Visit failed for phongthuynhaxinh.net: page.$x is not a function
[2025-11-01T07:39:27.028Z] Telegram env vars missing — skipping send. BOT=(empty) CHAT=(empty)
[2025-11-01T07:39:37.268Z] 2025-11-01T07-39-27.149Z - Visit failed for leizelaser.com: page.$x is not a function
[2025-11-01T07:39:37.268Z] Telegram env vars missing — skipping send. BOT=(empty) CHAT=(empty)
[2025-11-01T07:43:47.834Z] 2025-11-01T07-43-41.162Z - No matching domain found for keyword: makadhillsaklub
[2025-11-01T07:43:47.834Z] Telegram env vars missing — skipping send. BOT=(empty) CHAT=(empty)
[2025-11-01T07:43:56.394Z] 2025-11-01T07-43-47.931Z - Visit failed for datajournalism.tools: page.$x is not a function
[2025-11-01T07:43:56.394Z] Telegram env vars missing — skipping send. BOT=(empty) CHAT=(empty)
[2025-11-01T07:44:05.864Z] 2025-11-01T07-43-57.022Z - Visit failed for littlendaba.design: page.$x is not a function
[2025-11-01T07:44:05.864Z] Telegram env vars missing — skipping send. BOT=(empty) CHAT=(empty)
[2025-11-01T07:44:14.674Z] 2025-11-01T07-44-05.968Z - Visit failed for weissnat.net: page.$x is not a function
[2025-11-01T07:44:14.675Z] Telegram env vars missing — skipping send. BOT=(empty) CHAT=(empty)
[2025-11-01T07:44:26.230Z] 2025-11-01T07-44-15.295Z - Visit failed for phongthuynhaxinh.net: page.$x is not a function
[2025-11-01T07:44:26.230Z] Telegram env vars missing — skipping send. BOT=(empty) CHAT=(empty)
[2025-11-01T07:44:36.191Z] 2025-11-01T07-44-26.334Z - Visit failed for leizelaser.com: page.$x is not a function
[2025-11-01T07:44:36.192Z] Telegram env vars missing — skipping send. BOT=(empty) CHAT=(empty)
[2025-11-01T07:48:47.787Z] 2025-11-01T07-48-41.175Z - No matching domain found for keyword: makadhillsaklub
[2025-11-01T07:48:47.787Z] Telegram env vars missing — skipping send. BOT=(empty) CHAT=(empty)
[2025-11-01T07:48:58.020Z] 2025-11-01T07-48-47.883Z - Visit failed for datajournalism.tools: page.$x is not a function
[2025-11-01T07:48:58.021Z] Telegram env vars missing — skipping send. BOT=(empty) CHAT=(empty)
[2025-11-01T07:49:07.010Z] 2025-11-01T07-48-58.124Z - Visit failed for littlendaba.design: page.$x is not a function
[2025-11-01T07:49:07.011Z] Telegram env vars missing — skipping send. BOT=(empty) CHAT=(empty)
[2025-11-01T07:49:15.889Z] 2025-11-01T07-49-07.119Z - Visit failed for weissnat.net: page.$x is not a function
[2025-11-01T07:49:15.890Z] Telegram env vars missing — skipping send. BOT=(empty) CHAT=(empty)
[2025-11-01T07:49:24.736Z] 2025-11-01T07-49-15.998Z - Visit failed for phongthuynhaxinh.net: page.$x is not a function
[2025-11-01T07:49:24.737Z] Telegram env vars missing — skipping send. BOT=(empty) CHAT=(empty)
[2025-11-01T07:49:32.595Z] 2025-11-01T07-49-24.840Z - Visit failed for leizelaser.com: page.$x is not a function
[2025-11-01T07:49:32.596Z] Telegram env vars missing — skipping send. BOT=(empty) CHAT=(empty)
[2025-11-01T07:53:47.907Z] 2025-11-01T07-53-41.186Z - No matching domain found for keyword: makadhillsaklub
[2025-11-01T07:53:47.908Z] Telegram env vars missing — skipping send. BOT=(empty) CHAT=(empty)
[2025-11-01T07:53:58.510Z] 2025-11-01T07-53-48.006Z - Visit failed for datajournalism.tools: page.$x is not a function
[2025-11-01T07:53:58.511Z] Telegram env vars missing — skipping send. BOT=(empty) CHAT=(empty)
[2025-11-01T07:54:07.610Z] 2025-11-01T07-53-58.605Z - Visit failed for littlendaba.design: page.$x is not a function
[2025-11-01T07:54:07.611Z] Telegram env vars missing — skipping send. BOT=(empty) CHAT=(empty)
[2025-11-01T07:54:17.099Z] 2025-11-01T07-54-07.710Z - Visit failed for weissnat.net: page.$x is not a function
[2025-11-01T07:54:17.100Z] Telegram env vars missing — skipping send. BOT=(empty) CHAT=(empty)
[2025-11-01T07:54:27.886Z] 2025-11-01T07-54-17.199Z - Visit failed for phongthuynhaxinh.net: page.$x is not a function
[2025-11-01T07:54:27.887Z] Telegram env vars missing — skipping send. BOT=(empty) CHAT=(empty)
[2025-11-01T07:54:38.090Z] 2025-11-01T07-54-28.521Z - Visit failed for leizelaser.com: page.$x is not a function
[2025-11-01T07:54:38.091Z] Telegram env vars missing — skipping send. BOT=(empty) CHAT=(empty)
